<?xml version="1.0" encoding="UTF-8"?>
<!-- Generated by org.testng.reporters.JUnitReportReporter -->
<testsuite hostname="ITT-PRATIK-B" failures="0" tests="4" name="api.tests.UserTests" time="7.397" errors="0" timestamp="2024-05-07T15:27:10 IST" skipped="0">
  <testcase classname="api.tests.UserTests" name="testPostUser" time="2.695"/>
  <testcase classname="api.tests.UserTests" name="testGetUserByName" time="1.215"/>
  <testcase classname="api.tests.UserTests" name="testUpdateUserByName" time="2.297"/>
  <testcase classname="api.tests.UserTests" name="testDeleteUserByName" time="1.190"/>
</testsuite> <!-- api.tests.UserTests -->
